Library/Bee/Android/Prj/Mono2x/Gradle/launcher/build/intermediates/manifest_merge_blame_file/release/manifest-merger-blame-release-report.txt
1<?xml version="1.0" encoding="utf-8"?>
2<manifest xmlns:android="http://schemas.android.com/apk/res/android"
3    package="com.DefaultCompany.PlatformMove"
4    android:installLocation="preferExternal"
5    android:versionCode="1"
6    android:versionName="0.1" >
7
8    <uses-sdk
9        android:minSdkVersion="23"
9-->src/main/AndroidManifest.xml
10        android:targetSdkVersion="33" />
10-->src/main/AndroidManifest.xml
11
12    <supports-screens
12-->src/main/AndroidManifest.xml:4:3-163
13        android:anyDensity="true"
13-->src/main/AndroidManifest.xml:4:135-160
14        android:largeScreens="true"
14-->src/main/AndroidManifest.xml:4:78-105
15        android:normalScreens="true"
15-->src/main/AndroidManifest.xml:4:49-77
16        android:smallScreens="true"
16-->src/main/AndroidManifest.xml:4:21-48
17        android:xlargeScreens="true" />
17-->src/main/AndroidManifest.xml:4:106-134
18
19    <uses-permission android:name="android.permission.INTERNET" />
19-->[:unityLibrary] AndroidManifest.xml:10:5-67
19-->[:unityLibrary] AndroidManifest.xml:10:22-64
20
21    <uses-feature android:glEsVersion="0x00030000" />
21-->[:unityLibrary] AndroidManifest.xml:12:5-54
21-->[:unityLibrary] AndroidManifest.xml:12:19-51
22    <uses-feature
22-->[:unityLibrary] AndroidManifest.xml:13:5-15:36
23        android:name="android.hardware.vulkan.version"
23-->[:unityLibrary] AndroidManifest.xml:14:9-55
24        android:required="false" />
24-->[:unityLibrary] AndroidManifest.xml:15:9-33
25    <uses-feature
25-->[:unityLibrary] AndroidManifest.xml:16:5-18:36
26        android:name="android.hardware.touchscreen"
26-->[:unityLibrary] AndroidManifest.xml:17:9-52
27        android:required="false" />
27-->[:unityLibrary] AndroidManifest.xml:18:9-33
28    <uses-feature
28-->[:unityLibrary] AndroidManifest.xml:19:5-21:36
29        android:name="android.hardware.touchscreen.multitouch"
29-->[:unityLibrary] AndroidManifest.xml:20:9-63
30        android:required="false" />
30-->[:unityLibrary] AndroidManifest.xml:21:9-33
31    <uses-feature
31-->[:unityLibrary] AndroidManifest.xml:22:5-24:36
32        android:name="android.hardware.touchscreen.multitouch.distinct"
32-->[:unityLibrary] AndroidManifest.xml:23:9-72
33        android:required="false" />
33-->[:unityLibrary] AndroidManifest.xml:24:9-33
34
35    <application
35-->src/main/AndroidManifest.xml:3:3-83
36        android:extractNativeLibs="true"
36-->[:unityLibrary] AndroidManifest.xml:26:18-50
37        android:icon="@mipmap/app_icon"
37-->src/main/AndroidManifest.xml:3:16-47
38        android:label="@string/app_name" >
38-->src/main/AndroidManifest.xml:3:48-80
39        <meta-data
39-->[:unityLibrary] AndroidManifest.xml:27:9-29:33
40            android:name="unity.splash-mode"
40-->[:unityLibrary] AndroidManifest.xml:28:13-45
41            android:value="0" />
41-->[:unityLibrary] AndroidManifest.xml:29:13-30
42        <meta-data
42-->[:unityLibrary] AndroidManifest.xml:30:9-32:36
43            android:name="unity.splash-enable"
43-->[:unityLibrary] AndroidManifest.xml:31:13-47
44            android:value="True" />
44-->[:unityLibrary] AndroidManifest.xml:32:13-33
45        <meta-data
45-->[:unityLibrary] AndroidManifest.xml:33:9-35:36
46            android:name="unity.launch-fullscreen"
46-->[:unityLibrary] AndroidManifest.xml:34:13-51
47            android:value="True" />
47-->[:unityLibrary] AndroidManifest.xml:35:13-33
48        <meta-data
48-->[:unityLibrary] AndroidManifest.xml:36:9-38:36
49            android:name="unity.render-outside-safearea"
49-->[:unityLibrary] AndroidManifest.xml:37:13-57
50            android:value="True" />
50-->[:unityLibrary] AndroidManifest.xml:38:13-33
51        <meta-data
51-->[:unityLibrary] AndroidManifest.xml:39:9-41:50
52            android:name="notch.config"
52-->[:unityLibrary] AndroidManifest.xml:40:13-40
53            android:value="portrait|landscape" />
53-->[:unityLibrary] AndroidManifest.xml:41:13-47
54        <meta-data
54-->[:unityLibrary] AndroidManifest.xml:42:9-44:36
55            android:name="unity.auto-report-fully-drawn"
55-->[:unityLibrary] AndroidManifest.xml:43:13-57
56            android:value="true" />
56-->[:unityLibrary] AndroidManifest.xml:44:13-33
57        <meta-data
57-->[:unityLibrary] AndroidManifest.xml:45:9-47:37
58            android:name="unity.strip-engine-code"
58-->[:unityLibrary] AndroidManifest.xml:46:13-51
59            android:value="false" />
59-->[:unityLibrary] AndroidManifest.xml:47:13-34
60
61        <activity
61-->[:unityLibrary] AndroidManifest.xml:49:9-77:20
62            android:name="com.unity3d.player.UnityPlayerActivity"
62-->[:unityLibrary] AndroidManifest.xml:50:13-66
63            android:configChanges="mcc|mnc|locale|touchscreen|keyboard|keyboardHidden|navigation|orientation|screenLayout|uiMode|screenSize|smallestScreenSize|fontScale|layoutDirection|density"
63-->[:unityLibrary] AndroidManifest.xml:51:13-194
64            android:enabled="true"
64-->[:unityLibrary] AndroidManifest.xml:52:13-35
65            android:exported="true"
65-->[:unityLibrary] AndroidManifest.xml:53:13-36
66            android:hardwareAccelerated="false"
66-->[:unityLibrary] AndroidManifest.xml:54:13-48
67            android:launchMode="singleTask"
67-->[:unityLibrary] AndroidManifest.xml:55:13-44
68            android:resizeableActivity="true"
68-->[:unityLibrary] AndroidManifest.xml:56:13-46
69            android:screenOrientation="landscape"
69-->[:unityLibrary] AndroidManifest.xml:57:13-50
70            android:theme="@style/UnityThemeSelector" >
70-->[:unityLibrary] AndroidManifest.xml:58:13-54
71            <intent-filter>
71-->[:unityLibrary] AndroidManifest.xml:59:13-63:29
72                <category android:name="android.intent.category.LAUNCHER" />
72-->[:unityLibrary] AndroidManifest.xml:60:17-77
72-->[:unityLibrary] AndroidManifest.xml:60:27-74
73
74                <action android:name="android.intent.action.MAIN" />
74-->[:unityLibrary] AndroidManifest.xml:62:17-69
74-->[:unityLibrary] AndroidManifest.xml:62:25-66
75            </intent-filter>
76
77            <meta-data
77-->[:unityLibrary] AndroidManifest.xml:65:13-67:40
78                android:name="unityplayer.UnityActivity"
78-->[:unityLibrary] AndroidManifest.xml:66:17-57
79                android:value="true" />
79-->[:unityLibrary] AndroidManifest.xml:67:17-37
80            <meta-data
80-->[:unityLibrary] AndroidManifest.xml:68:13-70:71
81                android:name="WindowManagerPreference:FreeformWindowSize"
81-->[:unityLibrary] AndroidManifest.xml:69:17-74
82                android:value="@string/FreeformWindowSize_maximize" />
82-->[:unityLibrary] AndroidManifest.xml:70:17-68
83            <meta-data
83-->[:unityLibrary] AndroidManifest.xml:71:13-73:79
84                android:name="WindowManagerPreference:FreeformWindowOrientation"
84-->[:unityLibrary] AndroidManifest.xml:72:17-81
85                android:value="@string/FreeformWindowOrientation_landscape" />
85-->[:unityLibrary] AndroidManifest.xml:73:17-76
86            <meta-data
86-->[:unityLibrary] AndroidManifest.xml:74:13-76:40
87                android:name="notch_support"
87-->[:unityLibrary] AndroidManifest.xml:75:17-45
88                android:value="true" />
88-->[:unityLibrary] AndroidManifest.xml:76:17-37
89        </activity>
90    </application>
91
92</manifest>